<?xml version="1.0" encoding="UTF-8"?>
<!-- Generated by org.testng.reporters.JUnitXMLReporter -->
<testsuite hostname="LAPTOP-TS2JRQAC" ignored="0" name="Default test" tests="6" failures="0" timestamp="12 May 2021 09:43:04 GMT" time="17.21" errors="0">
  <testcase name="TC_01_LoginWithEmptyEmailAndPassword" time="0.537" classname="guru_demo.LoginTestGuru"/>
  <testcase name="TC_02_LoginWithInvalidEmail" time="0.451" classname="guru_demo.LoginTestGuru"/>
  <testcase name="TC_03_LoginWithIncorrectEmail" time="1.412" classname="guru_demo.LoginTestGuru"/>
  <testcase name="TC_04_LoginWithInvalidPassword" time="0.417" classname="guru_demo.LoginTestGuru"/>
  <testcase name="TC_05_LoginWithIncorrectPassword" time="1.42" classname="guru_demo.LoginTestGuru"/>
  <testcase name="TC_06_LoginWithValidEmailAndPassword" time="1.797" classname="guru_demo.LoginTestGuru"/>
</testsuite> <!-- Default test -->
